[00:04:36] [Server thread/INFO]: Datiron_Gaymer[/179.6.211.102:35777] logged in with entity id 11228923 at (454.4192464449756, 53.0, 501.1401048844147)
[00:04:36] [Server thread/INFO]: Datiron_Gaymer joined the game
[00:08:36] [Server thread/INFO]: <Datiron_Gaymer> 398-222
[00:25:02] [Server thread/INFO]: Datiron_Gaymer was slain by ssTiam
[00:39:34] [Server thread/INFO]: Datiron_Gaymer was slain by Zombie
[00:43:16] [Server thread/INFO]: Datiron_Gaymer fell from a high place
[00:45:57] [Server thread/INFO]: Datiron_Gaymer fell from a high place
[00:55:59] [Server thread/INFO]: Datiron_Gaymer was slain by Zombie
[01:05:25] [Server thread/INFO]: Rodrigopro777[/190.237.149.144:32006] logged in with entity id 11321824 at (482.7776765309999, 64.0, 505.3000000119204)
[01:05:25] [Server thread/INFO]: Rodrigopro777 joined the game
[01:14:28] [Server thread/INFO]: Rodrigopro777 drowned
[01:21:40] [Server thread/INFO]: Rodrigopro777 has just earned the achievement [Benchmarking]
[01:27:38] [Server thread/INFO]: ssTiam lost connection: TextComponent{text='Disconnected', siblings=[], style=Style{hasParent=false, color=null, bold=null, italic=null, underlined=null, obfuscated=null, clickEvent=null, hoverEvent=null}}
[01:27:38] [Server thread/INFO]: ssTiam left the game
[01:27:39] [Server thread/INFO]: Datiron_Gaymer lost connection: TextComponent{text='Disconnected', siblings=[], style=Style{hasParent=false, color=null, bold=null, italic=null, underlined=null, obfuscated=null, clickEvent=null, hoverEvent=null}}
[01:27:39] [Server thread/INFO]: Datiron_Gaymer left the game
[01:29:15] [Server thread/INFO]: Rodrigopro777 fell from a high place
[01:29:28] [Server thread/INFO]: Rodrigopro777 lost connection: TranslatableComponent{key='disconnect.genericReason', args=[Internal Exception: java.io.IOException: Connection reset by peer], siblings=[], style=Style{hasParent=false, color=null, bold=null, italic=null, underlined=null, obfuscated=null, clickEvent=null, hoverEvent=null}}
[01:29:28] [Server thread/INFO]: Rodrigopro777 left the game
[03:19:16] [Server thread/INFO]: ssTiam[/190.237.32.202:63535] logged in with entity id 11358821 at (600.9859998670222, 23.0, 308.4943573148347)
[03:19:16] [Server thread/INFO]: ssTiam joined the game
[03:23:45] [Server thread/INFO]: jordan_18[/190.237.24.205:41944] logged in with entity id 11362706 at (303.6799943798719, 46.0, 545.5637493856881)
[03:23:45] [Server thread/INFO]: jordan_18 joined the game
[03:31:05] [Server thread/INFO]: ssTiam was burnt to a crisp whilst fighting Zombie
[03:38:26] [Server thread/INFO]: jordan_18 tried to swim in lava
[03:38:32] [Server thread/INFO]: <ssTiam> f
[03:39:27] [Server thread/INFO]: <jordan_18> XD
[03:41:42] [Server thread/INFO]: jordan_18 fell from a high place
[03:41:45] [Server thread/INFO]: <ssTiam> f
[03:41:59] [Server thread/INFO]: <jordan_18> YA NO ES GRACIOSO ES TRISTE
[03:42:03] [Server thread/INFO]: <jordan_18> :,(
[03:42:04] [Server thread/INFO]: <ssTiam> :,v
[03:44:40] [Server thread/INFO]: jordan_18 fell from a high place
[03:44:43] [Server thread/INFO]: jordan_18 lost connection: TextComponent{text='Disconnected', siblings=[], style=Style{hasParent=false, color=null, bold=null, italic=null, underlined=null, obfuscated=null, clickEvent=null, hoverEvent=null}}
[03:44:43] [Server thread/INFO]: jordan_18 left the game
[03:44:49] [Server thread/INFO]: jordan_18[/190.237.24.205:8580] logged in with entity id 11404439 at (327.5, 67.0, 505.5)
[03:44:49] [Server thread/INFO]: jordan_18 joined the game
[03:44:52] [Server thread/INFO]: <ssTiam> xd
[03:44:53] [Server thread/INFO]: <jordan_18> xd
[03:45:35] [Server thread/INFO]: ssTiam lost connection: TextComponent{text='Disconnected', siblings=[], style=Style{hasParent=false, color=null, bold=null, italic=null, underlined=null, obfuscated=null, clickEvent=null, hoverEvent=null}}
[03:45:35] [Server thread/INFO]: ssTiam left the game
[03:45:54] [Server thread/INFO]: jordan_18 fell from a high place
[03:46:03] [Server thread/INFO]: jordan_18 fell from a high place
[03:46:10] [Server thread/INFO]: jordan_18 fell from a high place
[03:46:20] [Server thread/INFO]: jordan_18 fell from a high place
[03:46:28] [Server thread/INFO]: jordan_18 fell from a high place
[03:46:39] [Server thread/INFO]: jordan_18 fell from a high place
[03:46:46] [Server thread/INFO]: jordan_18 fell from a high place
[03:46:54] [Server thread/INFO]: jordan_18 fell from a high place
[03:47:51] [Server thread/INFO]: jordan_18 was killed by Soul using magic
[03:48:23] [Server thread/INFO]: jordan_18 was slain by Soul
[03:48:50] [Server thread/INFO]: jordan_18 was slain by Gingerbread Man
[03:49:16] [Server thread/INFO]: jordan_18 was killed by Soul using magic
[03:54:04] [Server thread/INFO]: jordan_18 burned to death
[03:54:15] [Server thread/INFO]: jordan_18 lost connection: TextComponent{text='Disconnected', siblings=[], style=Style{hasParent=false, color=null, bold=null, italic=null, underlined=null, obfuscated=null, clickEvent=null, hoverEvent=null}}
[03:54:15] [Server thread/INFO]: jordan_18 left the game
[15:48:36] [Server thread/INFO]: There are 0/15 players online:
[15:48:36] [Server thread/INFO]: 
[15:48:38] [Server thread/INFO]: Stopping the server
[15:48:39] [Server thread/INFO]: Stopping server
[15:48:39] [Server thread/INFO]: Saving players
[15:48:39] [Server thread/INFO]: Saving worlds
[15:48:39] [Server thread/INFO]: Saving chunks for level 'world'/Overworld
[15:48:39] [Server thread/INFO]: Saving chunks for level 'world'/Nether
[15:48:39] [Server thread/INFO]: Saving chunks for level 'world'/The End
[15:48:39] [Server thread/INFO]: Saving chunks for level 'world'/The Dark Realm
[15:48:39] [Server thread/INFO]: Saving chunks for level 'world'/Omothol
[15:48:39] [Server thread/INFO]: Saving chunks for level 'world'/The Dreadlands
[15:48:39] [Server thread/INFO]: Saving chunks for level 'world'/The Abyssal Wasteland
[15:48:39] [Server thread/INFO]: Saving chunks for level 'world'/Space
